2017-06-30 01:29:23 INFO  Start:48 - start app holy chords
2017-06-30 01:29:23 DEBUG Start:54 - init app
2017-06-30 01:29:23 DEBUG Loader:27 - load all data from holy chords
2017-06-30 01:29:23 DEBUG Loader:35 - parsing HTML...
2017-06-30 01:29:23 DEBUG Loader:60 - found song Ты_омой_меня
2017-06-30 01:29:23 DEBUG Loader:60 - found song Давай_славить
2017-06-30 01:29:23 DEBUG Loader:60 - found song Я_хочу_на_Тебя_быть_похожим,_Иисус
2017-06-30 01:29:23 DEBUG Loader:60 - found song О_Господь_в_молитве
2017-06-30 01:29:23 DEBUG Loader:60 - found song Господом_живи,_душа_моя
2017-06-30 01:29:23 DEBUG Loader:60 - found song Встань_с_верой
2017-06-30 01:29:23 DEBUG Loader:60 - found song Я_слагаю_болезни
2017-06-30 01:29:23 DEBUG Loader:60 - found song Воскресіння_День
2017-06-30 01:29:23 DEBUG Loader:60 - found song Доверять_Тебе
2017-06-30 01:29:23 DEBUG Loader:60 - found song Trust_In_You
2017-06-30 01:29:23 DEBUG Loader:60 - found song Я_пройду_с_тобой
2017-06-30 01:29:23 DEBUG Loader:60 - found song Только_один_Ты
2017-06-30 01:29:23 DEBUG Loader:60 - found song Bless_His_Name
2017-06-30 01:29:23 DEBUG Loader:60 - found song Отец_Сын_Дух_Святой
2017-06-30 01:29:23 DEBUG Loader:60 - found song Добрый_Добрый_Отец
2017-06-30 01:29:23 DEBUG Loader:60 - found song Только_Ты
2017-06-30 01:29:23 DEBUG Loader:60 - found song Доверять_Тебе
2017-06-30 01:29:23 DEBUG Loader:60 - found song Твой_крест
2017-06-30 01:29:23 DEBUG Loader:60 - found song Пусть_звучит_хвала
2017-06-30 01:29:23 DEBUG Loader:60 - found song Starlight
2017-06-30 01:29:23 DEBUG Loader:60 - found song Starlight
2017-06-30 01:29:23 DEBUG Loader:60 - found song Созданные_друг_для_друга
2017-06-30 01:29:23 DEBUG Loader:60 - found song The_war_is_over
2017-06-30 01:29:23 DEBUG Loader:60 - found song Велика_любов_Твоя
2017-06-30 01:29:23 DEBUG Loader:60 - found song All_things_are_possible
2017-06-30 01:29:23 DEBUG Loader:60 - found song С_Богом_возможно_всё
2017-06-30 01:29:23 DEBUG Loader:60 - found song Even_When_It_Hurts_Praise_Song
2017-06-30 01:29:23 DEBUG Loader:60 - found song Captain
2017-06-30 01:29:23 DEBUG Loader:60 - found song За_грешных_нас
2017-06-30 01:29:23 DEBUG Start:69 - init UI
2017-06-30 01:29:23 DEBUG ChooseFolderAction:23 - create choose folder action
2017-06-30 01:29:23 DEBUG LoadDataFromURLAction:26 - create load data from URL action
2017-06-30 01:29:28 DEBUG Loader:74 - load all data from holy chords
2017-06-30 01:29:29 DEBUG Loader:81 - parsing HTML...
2017-06-30 01:29:29 DEBUG Loader:106 - found song Вера_может_всё
2017-06-30 01:29:29 DEBUG Loader:106 - found song День_меняет_ночь
2017-06-30 01:29:29 DEBUG Loader:106 - found song Любовь_догонит
2017-06-30 01:29:29 DEBUG Loader:106 - found song Небеса_поют
2017-06-30 01:29:29 DEBUG Loader:106 - found song От_престола
2017-06-30 01:29:29 DEBUG Loader:106 - found song Отец_Сын_и_Дух_Святой
2017-06-30 01:29:29 DEBUG Loader:106 - found song Свет_пролился
2017-06-30 01:29:29 DEBUG Loader:106 - found song Спасибо_мой_Господь_за_жизнь
2017-06-30 01:29:29 DEBUG Loader:106 - found song Шаг_два_в_небеса
2017-06-30 01:29:32 DEBUG ChooseFolderAction:42 - selected folder /Users/David/Music
2017-06-30 01:29:33 DEBUG Start:195 - playing http://holychords.com/plugins/music/files/2015070805433837.mp3
2017-06-30 01:30:50 DEBUG Start:195 - playing http://holychords.com/plugins/music/files/2015070805181462.mp3
2017-06-30 01:30:57 DEBUG Start:195 - playing http://holychords.com/plugins/music/files/2015070420551144.mp3
2017-06-30 01:31:59 DEBUG Loader:121 - downloading in /Users/David/Music/Любовь_догонит.mp3 from http://holychords.com/plugins/music/files/2015070420551144.mp3
2017-06-30 01:32:19 DEBUG Start:195 - playing http://holychords.com/plugins/music/files/2015070420413787.mp3
2017-06-30 01:37:32 DEBUG Loader:121 - downloading in /Users/David/Music/Небеса_поют.mp3 from http://holychords.com/plugins/music/files/2015070420413787.mp3
2017-06-30 01:37:44 DEBUG Start:195 - playing http://holychords.com/plugins/music/files/2015070420284298.mp3
2017-06-30 01:43:45 DEBUG Loader:121 - downloading in /Users/David/Music/От_престола.mp3 from http://holychords.com/plugins/music/files/2015070420284298.mp3
2017-06-30 01:44:51 DEBUG Start:195 - playing http://holychords.com/plugins/music/files/2015070420482791.mp3
